Determining if the pthread_create exist failed with the following output:
Change Dir: /home/andriym/catkin_ws/src/dual_arm_teleop/cmake-build-debug/CMakeFiles/CMakeTmp

Run Build Command:"/usr/bin/make" "cmTC_39ea8/fast"
/usr/bin/make -f CMakeFiles/cmTC_39ea8.dir/build.make CMakeFiles/cmTC_39ea8.dir/build
make[1]: Entering directory '/home/andriym/catkin_ws/src/dual_arm_teleop/cmake-build-debug/CMakeFiles/CMakeTmp'
Building C object CMakeFiles/cmTC_39ea8.dir/CheckSymbolExists.c.o
/usr/bin/cc    -o CMakeFiles/cmTC_39ea8.dir/CheckSymbolExists.c.o   -c /home/andriym/catkin_ws/src/dual_arm_teleop/cmake-build-debug/CMakeFiles/CMakeTmp/CheckSymbolExists.c
Linking C executable cmTC_39ea8
/opt/CLion/clion-2018.2/bin/cmake/linux/bin/cmake -E cmake_link_script CMakeFiles/cmTC_39ea8.dir/link.txt --verbose=1
/usr/bin/cc      -rdynamic CMakeFiles/cmTC_39ea8.dir/CheckSymbolExists.c.o  -o cmTC_39ea8 
CMakeFiles/cmTC_39ea8.dir/CheckSymbolExists.c.o: In function `main':
CheckSymbolExists.c:(.text+0x16): undefined reference to `pthread_create'
collect2: error: ld returned 1 exit status
CMakeFiles/cmTC_39ea8.dir/build.make:86: recipe for target 'cmTC_39ea8' failed
make[1]: *** [cmTC_39ea8] Error 1
make[1]: Leaving directory '/home/andriym/catkin_ws/src/dual_arm_teleop/cmake-build-debug/CMakeFiles/CMakeTmp'
Makefile:121: recipe for target 'cmTC_39ea8/fast' failed
make: *** [cmTC_39ea8/fast] Error 2

File /home/andriym/catkin_ws/src/dual_arm_teleop/cmake-build-debug/CMakeFiles/CMakeTmp/CheckSymbolExists.c:
/* */
#include <pthread.h>

int main(int argc, char** argv)
{
  (void)argv;
#ifndef pthread_create
  return ((int*)(&pthread_create))[argc];
#else
  (void)argc;
  return 0;
#endif
}

Determining if the function pthread_create exists in the pthreads failed with the following output:
Change Dir: /home/andriym/catkin_ws/src/dual_arm_teleop/cmake-build-debug/CMakeFiles/CMakeTmp

Run Build Command:"/usr/bin/make" "cmTC_56841/fast"
/usr/bin/make -f CMakeFiles/cmTC_56841.dir/build.make CMakeFiles/cmTC_56841.dir/build
make[1]: Entering directory '/home/andriym/catkin_ws/src/dual_arm_teleop/cmake-build-debug/CMakeFiles/CMakeTmp'
Building C object CMakeFiles/cmTC_56841.dir/CheckFunctionExists.c.o
/usr/bin/cc   -DCHECK_FUNCTION_EXISTS=pthread_create   -o CMakeFiles/cmTC_56841.dir/CheckFunctionExists.c.o   -c /opt/CLion/clion-2018.2/bin/cmake/linux/share/cmake-3.12/Modules/CheckFunctionExists.c
Linking C executable cmTC_56841
/opt/CLion/clion-2018.2/bin/cmake/linux/bin/cmake -E cmake_link_script CMakeFiles/cmTC_56841.dir/link.txt --verbose=1
/usr/bin/cc  -DCHECK_FUNCTION_EXISTS=pthread_create    -rdynamic CMakeFiles/cmTC_56841.dir/CheckFunctionExists.c.o  -o cmTC_56841 -lpthreads 
/usr/bin/ld: cannot find -lpthreads
collect2: error: ld returned 1 exit status
CMakeFiles/cmTC_56841.dir/build.make:86: recipe for target 'cmTC_56841' failed
make[1]: *** [cmTC_56841] Error 1
make[1]: Leaving directory '/home/andriym/catkin_ws/src/dual_arm_teleop/cmake-build-debug/CMakeFiles/CMakeTmp'
Makefile:121: recipe for target 'cmTC_56841/fast' failed
make: *** [cmTC_56841/fast] Error 2


